0    [main] INFO  eclipse.emf.mwe.core.WorkflowEngine  - --------------------------------------------------------------------------------------
6    [main] INFO  eclipse.emf.mwe.core.WorkflowEngine  - EMF Modeling Workflow Engine 1.3.11, Build v201508030321
6    [main] INFO  eclipse.emf.mwe.core.WorkflowEngine  - (c) 2005-2009 openarchitectureware.org and contributors
6    [main] INFO  eclipse.emf.mwe.core.WorkflowEngine  - --------------------------------------------------------------------------------------
6    [main] INFO  eclipse.emf.mwe.core.WorkflowEngine  - running workflow: C:/Users/Alberto Berenguer/Desktop/work/Practica/templates/workflow/generator.mwe
6    [main] INFO  eclipse.emf.mwe.core.WorkflowEngine  - 
411  [main] INFO  lipse.emf.mwe.utils.StandaloneSetup  - Registering platform uri 'C:\Users\Alberto Berenguer\Desktop\work'
485  [main] INFO  lipse.emf.mwe.utils.StandaloneSetup  - Adding generated EPackage 'es.ua.dlsi.ooh.conceptualView.ConceptualViewPackage'
550  [main] INFO  lipse.emf.mwe.utils.StandaloneSetup  - Adding generated EPackage 'org.eclipse.gmf.runtime.notation.NotationPackage'
640  [main] INFO  e.core.container.CompositeComponent  - Workflow: executing workflow workflow::nhibernate::generator.mwe in C:/Users/Alberto Berenguer/Desktop/work/Practica/templates/workflow/generator.mwe:10
640  [main] INFO  e.core.container.CompositeComponent  - XmiReader: file 'models/default.domainModel' => slot 'es_ua_dlsi_ooh_conceptual_model'
872  [main] INFO  e.core.container.CompositeComponent  - CheckComponent: slot es_ua_dlsi_ooh_conceptual_model check file(s): metamodel::Checks 
1292 [main] INFO  e.core.container.CompositeComponent  - Generator(nhibernate.generator): generating 'workflow::nhibernate::workflow::main FOR true' => [CONFIGURATION:../PracticaGen(overwrite=false,append=false,fileEncoding=utf-8), ../PracticaGen]
configuroConf:C:\Users\ALBERT~1\AppData\Local\Temp\OOH4RIA3084676692745916003.cfg
enc:utf-8
1641 [main] INFO  and2.pr.ProtectedRegionResolverImpl  - Source scan started ...
1842 [main] INFO  and2.pr.ProtectedRegionResolverImpl  - Source scan finished in 0.2s
1842 [main] INFO  and2.pr.ProtectedRegionResolverImpl  - Files scanned: 158
1842 [main] INFO  and2.pr.ProtectedRegionResolverImpl  - Regions found: 60
enc:utf-8
enc:utf-8
enc:utf-8
enc:utf-8
enc:utf-8
enc:utf-8
2079 [main] INFO  ipse.xtend.util.stdlib.IOExtensions  - ProductoCAD
enc:utf-8
2134 [main] INFO  ipse.xtend.util.stdlib.IOExtensions  - ComplementoCAD
enc:utf-8
2201 [main] INFO  ipse.xtend.util.stdlib.IOExtensions  - BebidaCAD
enc:utf-8
2249 [main] INFO  ipse.xtend.util.stdlib.IOExtensions  - IngredienteCAD
enc:utf-8
2289 [main] INFO  ipse.xtend.util.stdlib.IOExtensions  - PizzaCAD
enc:utf-8
2330 [main] INFO  ipse.xtend.util.stdlib.IOExtensions  - PredefinidaCAD
enc:utf-8
2378 [main] INFO  ipse.xtend.util.stdlib.IOExtensions  - PersonalizableCAD
enc:utf-8
2427 [main] INFO  ipse.xtend.util.stdlib.IOExtensions  - PedidoCAD
LA clase origen: Pedido y el nombre de rol: usuario
LA clase destino: Pedido y el nombre de rol: usuario
DISTINTO en: asoTarget: pedido_lineaPedido. El nombre del rol destino: lineaPedido de el rol origen: usuario
DISTINTO en: asoTarget: pedido_codigo. El nombre del rol destino: codigo de el rol origen: usuario
Encontrado en: asoTarget: pedido_usuario El nombre de rol origen (generado): pedido y el nombre del rol destino:usuario
LA clase origen: Pedido y el nombre de rol: usuario
LA clase destino: Pedido y el nombre de rol: usuario
DISTINTO en: asoTarget: pedido_lineaPedido. El nombre del rol destino: lineaPedido de el rol origen: usuario
DISTINTO en: asoTarget: pedido_codigo. El nombre del rol destino: codigo de el rol origen: usuario
Encontrado en: asoTarget: pedido_usuario El nombre de rol origen (generado): pedido y el nombre del rol destino:usuario
LA clase origen: Pedido y el nombre de rol: usuario
LA clase destino: Pedido y el nombre de rol: usuario
DISTINTO en: asoTarget: pedido_lineaPedido. El nombre del rol destino: lineaPedido de el rol origen: usuario
DISTINTO en: asoTarget: pedido_codigo. El nombre del rol destino: codigo de el rol origen: usuario
Encontrado en: asoTarget: pedido_usuario El nombre de rol origen (generado): pedido y el nombre del rol destino:usuario
LA clase origen: Pedido y el nombre de rol: admin
LA clase destino: Pedido y el nombre de rol: admin
DISTINTO en: asoTarget: pedido_lineaPedido. El nombre del rol destino: lineaPedido de el rol origen: admin
DISTINTO en: asoTarget: pedido_codigo. El nombre del rol destino: codigo de el rol origen: admin
DISTINTO en: asoTarget: pedido_usuario. El nombre del rol destino: usuario de el rol origen: admin
Encontrado en: asoTarget: pedido_admin El nombre de rol origen (generado): pedido y el nombre del rol destino:admin
LA clase origen: Pedido y el nombre de rol: admin
LA clase destino: Pedido y el nombre de rol: admin
DISTINTO en: asoTarget: pedido_lineaPedido. El nombre del rol destino: lineaPedido de el rol origen: admin
DISTINTO en: asoTarget: pedido_codigo. El nombre del rol destino: codigo de el rol origen: admin
DISTINTO en: asoTarget: pedido_usuario. El nombre del rol destino: usuario de el rol origen: admin
Encontrado en: asoTarget: pedido_admin El nombre de rol origen (generado): pedido y el nombre del rol destino:admin
LA clase origen: Pedido y el nombre de rol: admin
LA clase destino: Pedido y el nombre de rol: admin
DISTINTO en: asoTarget: pedido_lineaPedido. El nombre del rol destino: lineaPedido de el rol origen: admin
DISTINTO en: asoTarget: pedido_codigo. El nombre del rol destino: codigo de el rol origen: admin
DISTINTO en: asoTarget: pedido_usuario. El nombre del rol destino: usuario de el rol origen: admin
Encontrado en: asoTarget: pedido_admin El nombre de rol origen (generado): pedido y el nombre del rol destino:admin
enc:utf-8
2475 [main] INFO  ipse.xtend.util.stdlib.IOExtensions  - LineaPedidoCAD
LA clase origen: LineaPedido y el nombre de rol: producto
Encontrado en: asoOrigin: producto_lineaPedido. El nombre del rol origen: producto y el nombre de rol destino: lineaPedido
LA clase origen: LineaPedido y el nombre de rol: producto
Encontrado en: asoOrigin: producto_lineaPedido. El nombre del rol origen: producto y el nombre de rol destino: lineaPedido
LA clase origen: LineaPedido y el nombre de rol: producto
Encontrado en: asoOrigin: producto_lineaPedido. El nombre del rol origen: producto y el nombre de rol destino: lineaPedido
LA clase origen: LineaPedido y el nombre de rol: producto
Encontrado en: asoOrigin: producto_lineaPedido. El nombre del rol origen: producto y el nombre de rol destino: lineaPedido
LA clase origen: LineaPedido y el nombre de rol: producto
Encontrado en: asoOrigin: producto_lineaPedido. El nombre del rol origen: producto y el nombre de rol destino: lineaPedido
LA clase origen: LineaPedido y el nombre de rol: producto
Encontrado en: asoOrigin: producto_lineaPedido. El nombre del rol origen: producto y el nombre de rol destino: lineaPedido
LA clase origen: LineaPedido y el nombre de rol: pedido
DISTINTO en: asoOrigin: producto_lineaPedido. El nombre del rol origen: producto de el rol destino: pedido
Encontrado en: asoOrigin: pedido_lineaPedido. El nombre del rol origen: pedido y el nombre de rol destino: lineaPedido
LA clase origen: LineaPedido y el nombre de rol: pedido
DISTINTO en: asoOrigin: producto_lineaPedido. El nombre del rol origen: producto de el rol destino: pedido
Encontrado en: asoOrigin: pedido_lineaPedido. El nombre del rol origen: pedido y el nombre de rol destino: lineaPedido
LA clase origen: LineaPedido y el nombre de rol: pedido
DISTINTO en: asoOrigin: producto_lineaPedido. El nombre del rol origen: producto de el rol destino: pedido
Encontrado en: asoOrigin: pedido_lineaPedido. El nombre del rol origen: pedido y el nombre de rol destino: lineaPedido
LA clase origen: LineaPedido y el nombre de rol: pedido
DISTINTO en: asoOrigin: producto_lineaPedido. El nombre del rol origen: producto de el rol destino: pedido
Encontrado en: asoOrigin: pedido_lineaPedido. El nombre del rol origen: pedido y el nombre de rol destino: lineaPedido
LA clase origen: LineaPedido y el nombre de rol: pedido
DISTINTO en: asoOrigin: producto_lineaPedido. El nombre del rol origen: producto de el rol destino: pedido
Encontrado en: asoOrigin: pedido_lineaPedido. El nombre del rol origen: pedido y el nombre de rol destino: lineaPedido
LA clase origen: LineaPedido y el nombre de rol: pedido
DISTINTO en: asoOrigin: producto_lineaPedido. El nombre del rol origen: producto de el rol destino: pedido
Encontrado en: asoOrigin: pedido_lineaPedido. El nombre del rol origen: pedido y el nombre de rol destino: lineaPedido
enc:utf-8
2521 [main] INFO  ipse.xtend.util.stdlib.IOExtensions  - CodigoCAD
LA clase origen: Codigo y el nombre de rol: admin
DISTINTO en: asoOrigin: pedido_codigo. El nombre del rol origen: pedido de el rol destino: admin
LA clase destino: Codigo y el nombre de rol: admin
Encontrado en: asoTarget: codigo_admin El nombre de rol origen (generado): codigo y el nombre del rol destino:admin
LA clase origen: Codigo y el nombre de rol: admin
DISTINTO en: asoOrigin: pedido_codigo. El nombre del rol origen: pedido de el rol destino: admin
LA clase destino: Codigo y el nombre de rol: admin
Encontrado en: asoTarget: codigo_admin El nombre de rol origen (generado): codigo y el nombre del rol destino:admin
LA clase origen: Codigo y el nombre de rol: admin
DISTINTO en: asoOrigin: pedido_codigo. El nombre del rol origen: pedido de el rol destino: admin
LA clase destino: Codigo y el nombre de rol: admin
Encontrado en: asoTarget: codigo_admin El nombre de rol origen (generado): codigo y el nombre del rol destino:admin
enc:utf-8
2559 [main] INFO  ipse.xtend.util.stdlib.IOExtensions  - UsuarioCAD
LA clase origen: Usuario y el nombre de rol: admin
DISTINTO en: asoOrigin: pedido_usuario. El nombre del rol origen: pedido de el rol destino: admin
DISTINTO en: asoOrigin: incidencia_usuario. El nombre del rol origen: incidencia de el rol destino: admin
LA clase destino: Usuario y el nombre de rol: admin
Encontrado en: asoTarget: usuario_admin El nombre de rol origen (generado): usuario y el nombre del rol destino:admin
LA clase origen: Usuario y el nombre de rol: admin
DISTINTO en: asoOrigin: pedido_usuario. El nombre del rol origen: pedido de el rol destino: admin
DISTINTO en: asoOrigin: incidencia_usuario. El nombre del rol origen: incidencia de el rol destino: admin
LA clase destino: Usuario y el nombre de rol: admin
Encontrado en: asoTarget: usuario_admin El nombre de rol origen (generado): usuario y el nombre del rol destino:admin
LA clase origen: Usuario y el nombre de rol: admin
DISTINTO en: asoOrigin: pedido_usuario. El nombre del rol origen: pedido de el rol destino: admin
DISTINTO en: asoOrigin: incidencia_usuario. El nombre del rol origen: incidencia de el rol destino: admin
LA clase destino: Usuario y el nombre de rol: admin
Encontrado en: asoTarget: usuario_admin El nombre de rol origen (generado): usuario y el nombre del rol destino:admin
enc:utf-8
2603 [main] INFO  ipse.xtend.util.stdlib.IOExtensions  - AdminCAD
enc:utf-8
2637 [main] INFO  ipse.xtend.util.stdlib.IOExtensions  - RegistradoCAD
enc:utf-8
2677 [main] INFO  ipse.xtend.util.stdlib.IOExtensions  - DireccionCAD
enc:utf-8
2716 [main] INFO  ipse.xtend.util.stdlib.IOExtensions  - IncidenciaCAD
LA clase origen: Incidencia y el nombre de rol: usuario
DISTINTO en: asoOrigin: admin_incidencia_0. El nombre del rol origen: admin de el rol destino: usuario
LA clase destino: Incidencia y el nombre de rol: usuario
Encontrado en: asoTarget: incidencia_usuario El nombre de rol origen (generado): incidencia y el nombre del rol destino:usuario
LA clase origen: Incidencia y el nombre de rol: usuario
DISTINTO en: asoOrigin: admin_incidencia_0. El nombre del rol origen: admin de el rol destino: usuario
LA clase destino: Incidencia y el nombre de rol: usuario
Encontrado en: asoTarget: incidencia_usuario El nombre de rol origen (generado): incidencia y el nombre del rol destino:usuario
LA clase origen: Incidencia y el nombre de rol: usuario
DISTINTO en: asoOrigin: admin_incidencia_0. El nombre del rol origen: admin de el rol destino: usuario
LA clase destino: Incidencia y el nombre de rol: usuario
Encontrado en: asoTarget: incidencia_usuario El nombre de rol origen (generado): incidencia y el nombre del rol destino:usuario
LA clase origen: Incidencia y el nombre de rol: admin
Encontrado en: asoOrigin: admin_incidencia_0. El nombre del rol origen: admin y el nombre de rol destino: incidencia
LA clase origen: Incidencia y el nombre de rol: admin
Encontrado en: asoOrigin: admin_incidencia_0. El nombre del rol origen: admin y el nombre de rol destino: incidencia
LA clase origen: Incidencia y el nombre de rol: admin
Encontrado en: asoOrigin: admin_incidencia_0. El nombre del rol origen: admin y el nombre de rol destino: incidencia
LA clase origen: Incidencia y el nombre de rol: admin
Encontrado en: asoOrigin: admin_incidencia_0. El nombre del rol origen: admin y el nombre de rol destino: incidencia
LA clase origen: Incidencia y el nombre de rol: admin
Encontrado en: asoOrigin: admin_incidencia_0. El nombre del rol origen: admin y el nombre de rol destino: incidencia
LA clase origen: Incidencia y el nombre de rol: admin
Encontrado en: asoOrigin: admin_incidencia_0. El nombre del rol origen: admin y el nombre de rol destino: incidencia
enc:utf-8
enc:utf-8
enc:utf-8
enc:utf-8
enc:utf-8
enc:utf-8
enc:utf-8
enc:utf-8
enc:utf-8
enc:utf-8
enc:utf-8
enc:utf-8
enc:utf-8
enc:utf-8
enc:utf-8
enc:utf-8
enc:utf-8
3050 [main] INFO  ipse.xtend.util.stdlib.IOExtensions  - ProductoCEN
enc:utf-8
3075 [main] INFO  ipse.xtend.util.stdlib.IOExtensions  - ComplementoCEN
enc:utf-8
3094 [main] INFO  ipse.xtend.util.stdlib.IOExtensions  - BebidaCEN
enc:utf-8
3112 [main] INFO  ipse.xtend.util.stdlib.IOExtensions  - IngredienteCEN
enc:utf-8
3131 [main] INFO  ipse.xtend.util.stdlib.IOExtensions  - PizzaCEN
enc:utf-8
3149 [main] INFO  ipse.xtend.util.stdlib.IOExtensions  - PredefinidaCEN
enc:utf-8
3173 [main] INFO  ipse.xtend.util.stdlib.IOExtensions  - PersonalizableCEN
enc:utf-8
3194 [main] INFO  ipse.xtend.util.stdlib.IOExtensions  - PedidoCEN
enc:utf-8
3215 [main] INFO  ipse.xtend.util.stdlib.IOExtensions  - LineaPedidoCEN
enc:utf-8
3235 [main] INFO  ipse.xtend.util.stdlib.IOExtensions  - CodigoCEN
enc:utf-8
3254 [main] INFO  ipse.xtend.util.stdlib.IOExtensions  - UsuarioCEN
enc:utf-8
3276 [main] INFO  ipse.xtend.util.stdlib.IOExtensions  - AdminCEN
enc:utf-8
3300 [main] INFO  ipse.xtend.util.stdlib.IOExtensions  - RegistradoCEN
enc:utf-8
3325 [main] INFO  ipse.xtend.util.stdlib.IOExtensions  - DireccionCEN
enc:utf-8
3343 [main] INFO  ipse.xtend.util.stdlib.IOExtensions  - IncidenciaCEN
enc:utf-8
enc:utf-8
enc:utf-8
enc:utf-8
enc:utf-8
enc:utf-8
enc:utf-8
enc:utf-8
enc:utf-8
enc:utf-8
enc:utf-8
enc:utf-8
enc:utf-8
enc:utf-8
enc:utf-8
enc:utf-8
enc:utf-8
enc:utf-8
enc:utf-8
enc:utf-8
enc:utf-8
enc:utf-8
enc:utf-8
enc:utf-8
enc:utf-8
enc:utf-8
enc:utf-8
3988 [main] INFO  ipse.xtend.util.stdlib.IOExtensions  - es.ua.dlsi.ooh.conceptualView.impl.OperationImpl@217ed35e (name: new, visibility: Public, operationType: New, description: null, type: Object, collectionType: None, isStatic: false, isOrdered: false, filter: null, precondition: null, body: null, postcondition: null, automaticSynchronize: true, customized: false, paging: false, customizedTransaction: false)
3989 [main] INFO  ipse.xtend.util.stdlib.IOExtensions  - es.ua.dlsi.ooh.conceptualView.impl.OperationImpl@3eb25e1a (name: modify, visibility: Public, operationType: Modifier, description: null, type: Void, collectionType: None, isStatic: false, isOrdered: false, filter: null, precondition: null, body: null, postcondition: null, automaticSynchronize: true, customized: false, paging: false, customizedTransaction: false)
3989 [main] INFO  ipse.xtend.util.stdlib.IOExtensions  - es.ua.dlsi.ooh.conceptualView.impl.OperationImpl@3eb738bb (name: destroy, visibility: Public, operationType: Destroy, description: null, type: Void, collectionType: None, isStatic: false, isOrdered: false, filter: null, precondition: null, body: null, postcondition: null, automaticSynchronize: true, customized: false, paging: false, customizedTransaction: false)
3989 [main] INFO  ipse.xtend.util.stdlib.IOExtensions  - es.ua.dlsi.ooh.conceptualView.impl.OperationImpl@1e800aaa (name: readOID, visibility: Public, operationType: ReadOID, description: null, type: Object, collectionType: None, isStatic: false, isOrdered: false, filter: null, precondition: null, body: null, postcondition: null, automaticSynchronize: true, customized: false, paging: false, customizedTransaction: false)
3990 [main] INFO  ipse.xtend.util.stdlib.IOExtensions  - es.ua.dlsi.ooh.conceptualView.impl.OperationImpl@6f03482 (name: getProductosNombre, visibility: Public, operationType: ReadFilter, description: null, type: Object, collectionType: List, isStatic: false, isOrdered: false, filter: FROM ProductoEN, precondition: null, body: null, postcondition: null, automaticSynchronize: false, customized: false, paging: false, customizedTransaction: false)
3990 [main] INFO  ipse.xtend.util.stdlib.IOExtensions  - es.ua.dlsi.ooh.conceptualView.impl.OperationImpl@179ece50 (name: buscarProducto, visibility: Public, operationType: Custom, description: null, type: Void, collectionType: None, isStatic: false, isOrdered: false, filter: null, precondition: null, body: null, postcondition: null, automaticSynchronize: true, customized: false, paging: false, customizedTransaction: false)
3990 [main] INFO  ipse.xtend.util.stdlib.IOExtensions  - es.ua.dlsi.ooh.conceptualView.impl.OperationImpl@3cd3e762 (name: readAll, visibility: Public, operationType: ReadAll, description: null, type: Object, collectionType: List, isStatic: false, isOrdered: false, filter: null, precondition: null, body: null, postcondition: null, automaticSynchronize: true, customized: false, paging: false, customizedTransaction: false)
enc:utf-8
4051 [main] INFO  ipse.xtend.util.stdlib.IOExtensions  - es.ua.dlsi.ooh.conceptualView.impl.OperationImpl@198b6731 (name: new, visibility: Public, operationType: New, description: null, type: Object, collectionType: None, isStatic: false, isOrdered: false, filter: null, precondition: null, body: null, postcondition: null, automaticSynchronize: true, customized: false, paging: false, customizedTransaction: false)
4052 [main] INFO  ipse.xtend.util.stdlib.IOExtensions  - es.ua.dlsi.ooh.conceptualView.impl.OperationImpl@79079097 (name: modify, visibility: Public, operationType: Modifier, description: null, type: Void, collectionType: None, isStatic: false, isOrdered: false, filter: null, precondition: null, body: null, postcondition: null, automaticSynchronize: true, customized: false, paging: false, customizedTransaction: false)
4052 [main] INFO  ipse.xtend.util.stdlib.IOExtensions  - es.ua.dlsi.ooh.conceptualView.impl.OperationImpl@26794848 (name: destroy, visibility: Public, operationType: Destroy, description: null, type: Void, collectionType: None, isStatic: false, isOrdered: false, filter: null, precondition: null, body: null, postcondition: null, automaticSynchronize: true, customized: false, paging: false, customizedTransaction: false)
4052 [main] INFO  ipse.xtend.util.stdlib.IOExtensions  - es.ua.dlsi.ooh.conceptualView.impl.OperationImpl@3d285d7e (name: getTodosProductos, visibility: Public, operationType: ReadAll, description: null, type: Object, collectionType: List, isStatic: false, isOrdered: false, filter: FROM ComplementoEN, precondition: null, body: null, postcondition: null, automaticSynchronize: true, customized: false, paging: false, customizedTransaction: false)
4053 [main] INFO  ipse.xtend.util.stdlib.IOExtensions  - es.ua.dlsi.ooh.conceptualView.impl.OperationImpl@40005471 (name: readOID, visibility: Public, operationType: ReadOID, description: null, type: Object, collectionType: None, isStatic: false, isOrdered: false, filter: null, precondition: null, body: null, postcondition: null, automaticSynchronize: true, customized: false, paging: false, customizedTransaction: false)
4053 [main] INFO  ipse.xtend.util.stdlib.IOExtensions  - es.ua.dlsi.ooh.conceptualView.impl.OperationImpl@367ffa75 (name: readAll, visibility: Public, operationType: ReadAll, description: null, type: Object, collectionType: List, isStatic: false, isOrdered: false, filter: null, precondition: null, body: null, postcondition: null, automaticSynchronize: true, customized: false, paging: false, customizedTransaction: false)
enc:utf-8
4111 [main] INFO  ipse.xtend.util.stdlib.IOExtensions  - es.ua.dlsi.ooh.conceptualView.impl.OperationImpl@fbd1f6 (name: new, visibility: Public, operationType: New, description: null, type: Object, collectionType: None, isStatic: false, isOrdered: false, filter: null, precondition: null, body: null, postcondition: null, automaticSynchronize: true, customized: false, paging: false, customizedTransaction: false)
4111 [main] INFO  ipse.xtend.util.stdlib.IOExtensions  - es.ua.dlsi.ooh.conceptualView.impl.OperationImpl@24269709 (name: modify, visibility: Public, operationType: Modifier, description: null, type: Void, collectionType: None, isStatic: false, isOrdered: false, filter: null, precondition: null, body: null, postcondition: null, automaticSynchronize: true, customized: false, paging: false, customizedTransaction: false)
4112 [main] INFO  ipse.xtend.util.stdlib.IOExtensions  - es.ua.dlsi.ooh.conceptualView.impl.OperationImpl@752325ad (name: destroy, visibility: Public, operationType: Destroy, description: null, type: Void, collectionType: None, isStatic: false, isOrdered: false, filter: null, precondition: null, body: null, postcondition: null, automaticSynchronize: true, customized: false, paging: false, customizedTransaction: false)
4112 [main] INFO  ipse.xtend.util.stdlib.IOExtensions  - es.ua.dlsi.ooh.conceptualView.impl.OperationImpl@b3ca52e (name: getTodosProductos, visibility: Public, operationType: ReadAll, description: null, type: Object, collectionType: List, isStatic: false, isOrdered: false, filter: FROM BebidaEN, precondition: null, body: null, postcondition: null, automaticSynchronize: true, customized: false, paging: false, customizedTransaction: false)
4112 [main] INFO  ipse.xtend.util.stdlib.IOExtensions  - es.ua.dlsi.ooh.conceptualView.impl.OperationImpl@45c7e403 (name: readOID, visibility: Public, operationType: ReadOID, description: null, type: Object, collectionType: None, isStatic: false, isOrdered: false, filter: null, precondition: null, body: null, postcondition: null, automaticSynchronize: true, customized: false, paging: false, customizedTransaction: false)
4113 [main] INFO  ipse.xtend.util.stdlib.IOExtensions  - es.ua.dlsi.ooh.conceptualView.impl.OperationImpl@710f4dc7 (name: readAll, visibility: Public, operationType: ReadAll, description: null, type: Object, collectionType: List, isStatic: false, isOrdered: false, filter: null, precondition: null, body: null, postcondition: null, automaticSynchronize: true, customized: false, paging: false, customizedTransaction: false)
enc:utf-8
4172 [main] INFO  ipse.xtend.util.stdlib.IOExtensions  - es.ua.dlsi.ooh.conceptualView.impl.OperationImpl@61322f9d (name: new, visibility: Public, operationType: New, description: null, type: Object, collectionType: None, isStatic: false, isOrdered: false, filter: null, precondition: null, body: null, postcondition: null, automaticSynchronize: true, customized: false, paging: false, customizedTransaction: false)
4172 [main] INFO  ipse.xtend.util.stdlib.IOExtensions  - es.ua.dlsi.ooh.conceptualView.impl.OperationImpl@8297b3a (name: modify, visibility: Public, operationType: Modifier, description: null, type: Void, collectionType: None, isStatic: false, isOrdered: false, filter: null, precondition: null, body: null, postcondition: null, automaticSynchronize: true, customized: false, paging: false, customizedTransaction: false)
4173 [main] INFO  ipse.xtend.util.stdlib.IOExtensions  - es.ua.dlsi.ooh.conceptualView.impl.OperationImpl@3bd82cf5 (name: destroy, visibility: Public, operationType: Destroy, description: null, type: Void, collectionType: None, isStatic: false, isOrdered: false, filter: null, precondition: null, body: null, postcondition: null, automaticSynchronize: true, customized: false, paging: false, customizedTransaction: false)
4173 [main] INFO  ipse.xtend.util.stdlib.IOExtensions  - es.ua.dlsi.ooh.conceptualView.impl.OperationImpl@247bddad (name: getTodosProductos, visibility: Public, operationType: ReadAll, description: null, type: Object, collectionType: List, isStatic: false, isOrdered: false, filter: null, precondition: null, body: null, postcondition: null, automaticSynchronize: true, customized: false, paging: false, customizedTransaction: false)
4173 [main] INFO  ipse.xtend.util.stdlib.IOExtensions  - es.ua.dlsi.ooh.conceptualView.impl.OperationImpl@d35dea7 (name: readOID, visibility: Public, operationType: ReadOID, description: null, type: Object, collectionType: None, isStatic: false, isOrdered: false, filter: null, precondition: null, body: null, postcondition: null, automaticSynchronize: true, customized: false, paging: false, customizedTransaction: false)
4174 [main] INFO  ipse.xtend.util.stdlib.IOExtensions  - es.ua.dlsi.ooh.conceptualView.impl.OperationImpl@5e5d171f (name: readAll, visibility: Public, operationType: ReadAll, description: null, type: Object, collectionType: List, isStatic: false, isOrdered: false, filter: null, precondition: null, body: null, postcondition: null, automaticSynchronize: true, customized: false, paging: false, customizedTransaction: false)
enc:utf-8
4227 [main] INFO  ipse.xtend.util.stdlib.IOExtensions  - es.ua.dlsi.ooh.conceptualView.impl.OperationImpl@41a2befb (name: new, visibility: Public, operationType: New, description: null, type: Object, collectionType: None, isStatic: false, isOrdered: false, filter: null, precondition: null, body: null, postcondition: null, automaticSynchronize: true, customized: false, paging: false, customizedTransaction: false)
4228 [main] INFO  ipse.xtend.util.stdlib.IOExtensions  - es.ua.dlsi.ooh.conceptualView.impl.OperationImpl@2df3b89c (name: modify, visibility: Public, operationType: Modifier, description: null, type: Void, collectionType: None, isStatic: false, isOrdered: false, filter: null, precondition: null, body: null, postcondition: null, automaticSynchronize: true, customized: false, paging: false, customizedTransaction: false)
4228 [main] INFO  ipse.xtend.util.stdlib.IOExtensions  - es.ua.dlsi.ooh.conceptualView.impl.OperationImpl@2002fc1d (name: destroy, visibility: Public, operationType: Destroy, description: null, type: Void, collectionType: None, isStatic: false, isOrdered: false, filter: null, precondition: null, body: null, postcondition: null, automaticSynchronize: true, customized: false, paging: false, customizedTransaction: false)
4228 [main] INFO  ipse.xtend.util.stdlib.IOExtensions  - es.ua.dlsi.ooh.conceptualView.impl.OperationImpl@6f4a47c7 (name: readOID, visibility: Public, operationType: ReadOID, description: null, type: Object, collectionType: None, isStatic: false, isOrdered: false, filter: null, precondition: null, body: null, postcondition: null, automaticSynchronize: true, customized: false, paging: false, customizedTransaction: false)
4229 [main] INFO  ipse.xtend.util.stdlib.IOExtensions  - es.ua.dlsi.ooh.conceptualView.impl.OperationImpl@3d34d211 (name: readAll, visibility: Public, operationType: ReadAll, description: null, type: Object, collectionType: List, isStatic: false, isOrdered: false, filter: null, precondition: null, body: null, postcondition: null, automaticSynchronize: true, customized: false, paging: false, customizedTransaction: false)
enc:utf-8
4283 [main] INFO  ipse.xtend.util.stdlib.IOExtensions  - es.ua.dlsi.ooh.conceptualView.impl.OperationImpl@22fcf7ab (name: new, visibility: Public, operationType: New, description: null, type: Object, collectionType: None, isStatic: false, isOrdered: false, filter: null, precondition: null, body: null, postcondition: null, automaticSynchronize: true, customized: false, paging: false, customizedTransaction: false)
4284 [main] INFO  ipse.xtend.util.stdlib.IOExtensions  - es.ua.dlsi.ooh.conceptualView.impl.OperationImpl@66d18979 (name: modify, visibility: Public, operationType: Modifier, description: null, type: Void, collectionType: None, isStatic: false, isOrdered: false, filter: null, precondition: null, body: null, postcondition: null, automaticSynchronize: true, customized: false, paging: false, customizedTransaction: false)
4284 [main] INFO  ipse.xtend.util.stdlib.IOExtensions  - es.ua.dlsi.ooh.conceptualView.impl.OperationImpl@79d8407f (name: destroy, visibility: Public, operationType: Destroy, description: null, type: Void, collectionType: None, isStatic: false, isOrdered: false, filter: null, precondition: null, body: null, postcondition: null, automaticSynchronize: true, customized: false, paging: false, customizedTransaction: false)
4284 [main] INFO  ipse.xtend.util.stdlib.IOExtensions  - es.ua.dlsi.ooh.conceptualView.impl.OperationImpl@1e66f1f5 (name: getTodosProductos, visibility: Public, operationType: ReadAll, description: null, type: Object, collectionType: List, isStatic: false, isOrdered: false, filter: null, precondition: null, body: null, postcondition: null, automaticSynchronize: true, customized: false, paging: false, customizedTransaction: false)
4284 [main] INFO  ipse.xtend.util.stdlib.IOExtensions  - es.ua.dlsi.ooh.conceptualView.impl.OperationImpl@4e50c791 (name: readOID, visibility: Public, operationType: ReadOID, description: null, type: Object, collectionType: None, isStatic: false, isOrdered: false, filter: null, precondition: null, body: null, postcondition: null, automaticSynchronize: true, customized: false, paging: false, customizedTransaction: false)
4285 [main] INFO  ipse.xtend.util.stdlib.IOExtensions  - es.ua.dlsi.ooh.conceptualView.impl.OperationImpl@58a9760d (name: readAll, visibility: Public, operationType: ReadAll, description: null, type: Object, collectionType: List, isStatic: false, isOrdered: false, filter: null, precondition: null, body: null, postcondition: null, automaticSynchronize: true, customized: false, paging: false, customizedTransaction: false)
enc:utf-8
4338 [main] INFO  ipse.xtend.util.stdlib.IOExtensions  - es.ua.dlsi.ooh.conceptualView.impl.OperationImpl@5aebe890 (name: new, visibility: Public, operationType: New, description: null, type: Object, collectionType: None, isStatic: false, isOrdered: false, filter: null, precondition: null, body: null, postcondition: null, automaticSynchronize: true, customized: false, paging: false, customizedTransaction: false)
4338 [main] INFO  ipse.xtend.util.stdlib.IOExtensions  - es.ua.dlsi.ooh.conceptualView.impl.OperationImpl@6a2f6f80 (name: modify, visibility: Public, operationType: Modifier, description: null, type: Void, collectionType: None, isStatic: false, isOrdered: false, filter: null, precondition: null, body: null, postcondition: null, automaticSynchronize: true, customized: false, paging: false, customizedTransaction: false)
4339 [main] INFO  ipse.xtend.util.stdlib.IOExtensions  - es.ua.dlsi.ooh.conceptualView.impl.OperationImpl@4c39bec8 (name: destroy, visibility: Public, operationType: Destroy, description: null, type: Void, collectionType: None, isStatic: false, isOrdered: false, filter: null, precondition: null, body: null, postcondition: null, automaticSynchronize: true, customized: false, paging: false, customizedTransaction: false)
4339 [main] INFO  ipse.xtend.util.stdlib.IOExtensions  - es.ua.dlsi.ooh.conceptualView.impl.OperationImpl@7ee8290b (name: anaydirIngrediente, visibility: Public, operationType: Relationer, description: null, type: Void, collectionType: None, isStatic: false, isOrdered: false, filter: null, precondition: null, body: null, postcondition: null, automaticSynchronize: true, customized: true, paging: false, customizedTransaction: false)
4339 [main] INFO  ipse.xtend.util.stdlib.IOExtensions  - es.ua.dlsi.ooh.conceptualView.impl.OperationImpl@192c3f1e (name: getTodosProductos, visibility: Public, operationType: ReadAll, description: null, type: Object, collectionType: List, isStatic: false, isOrdered: false, filter: null, precondition: null, body: null, postcondition: null, automaticSynchronize: true, customized: false, paging: false, customizedTransaction: false)
4339 [main] INFO  ipse.xtend.util.stdlib.IOExtensions  - es.ua.dlsi.ooh.conceptualView.impl.OperationImpl@26b3fd41 (name: readOID, visibility: Public, operationType: ReadOID, description: null, type: Object, collectionType: None, isStatic: false, isOrdered: false, filter: null, precondition: null, body: null, postcondition: null, automaticSynchronize: true, customized: false, paging: false, customizedTransaction: false)
4339 [main] INFO  ipse.xtend.util.stdlib.IOExtensions  - es.ua.dlsi.ooh.conceptualView.impl.OperationImpl@561b6512 (name: readAll, visibility: Public, operationType: ReadAll, description: null, type: Object, collectionType: List, isStatic: false, isOrdered: false, filter: null, precondition: null, body: null, postcondition: null, automaticSynchronize: true, customized: false, paging: false, customizedTransaction: false)
enc:utf-8
4393 [main] INFO  ipse.xtend.util.stdlib.IOExtensions  - es.ua.dlsi.ooh.conceptualView.impl.OperationImpl@49e5f737 (name: new, visibility: Public, operationType: New, description: null, type: Object, collectionType: None, isStatic: false, isOrdered: false, filter: null, precondition: null, body: null, postcondition: null, automaticSynchronize: true, customized: false, paging: false, customizedTransaction: false)
4394 [main] INFO  ipse.xtend.util.stdlib.IOExtensions  - es.ua.dlsi.ooh.conceptualView.impl.OperationImpl@10aa41f2 (name: modify, visibility: Public, operationType: Modifier, description: null, type: Void, collectionType: None, isStatic: false, isOrdered: false, filter: null, precondition: null, body: null, postcondition: null, automaticSynchronize: true, customized: false, paging: false, customizedTransaction: false)
4394 [main] INFO  ipse.xtend.util.stdlib.IOExtensions  - es.ua.dlsi.ooh.conceptualView.impl.OperationImpl@37883b97 (name: destroy, visibility: Public, operationType: Destroy, description: null, type: Void, collectionType: None, isStatic: false, isOrdered: false, filter: null, precondition: null, body: null, postcondition: null, automaticSynchronize: true, customized: false, paging: false, customizedTransaction: false)
4394 [main] INFO  ipse.xtend.util.stdlib.IOExtensions  - es.ua.dlsi.ooh.conceptualView.impl.OperationImpl@4e3958e7 (name: readOID, visibility: Public, operationType: ReadOID, description: null, type: Object, collectionType: None, isStatic: false, isOrdered: false, filter: null, precondition: null, body: null, postcondition: null, automaticSynchronize: true, customized: false, paging: false, customizedTransaction: false)
4395 [main] INFO  ipse.xtend.util.stdlib.IOExtensions  - es.ua.dlsi.ooh.conceptualView.impl.OperationImpl@1dac5ef (name: readAll, visibility: Public, operationType: ReadAll, description: null, type: Object, collectionType: List, isStatic: false, isOrdered: false, filter: null, precondition: null, body: null, postcondition: null, automaticSynchronize: true, customized: false, paging: false, customizedTransaction: false)
4395 [main] INFO  ipse.xtend.util.stdlib.IOExtensions  - es.ua.dlsi.ooh.conceptualView.impl.OperationImpl@5c90e579 (name: calcularMedia, visibility: Public, operationType: Custom, description: null, type: Void, collectionType: None, isStatic: false, isOrdered: false, filter: null, precondition: null, body: null, postcondition: null, automaticSynchronize: true, customized: false, paging: false, customizedTransaction: false)
4395 [main] INFO  ipse.xtend.util.stdlib.IOExtensions  - es.ua.dlsi.ooh.conceptualView.impl.OperationImpl@6f45df59 (name: anyadirCodigo, visibility: Public, operationType: Custom, description: null, type: Void, collectionType: None, isStatic: false, isOrdered: false, filter: null, precondition: null, body: null, postcondition: null, automaticSynchronize: true, customized: false, paging: false, customizedTransaction: false)
4395 [main] INFO  ipse.xtend.util.stdlib.IOExtensions  - es.ua.dlsi.ooh.conceptualView.impl.OperationImpl@63070bab (name: consultarEstado, visibility: Public, operationType: Custom, description: null, type: Void, collectionType: None, isStatic: false, isOrdered: false, filter: null, precondition: null, body: null, postcondition: null, automaticSynchronize: true, customized: false, paging: false, customizedTransaction: false)
4395 [main] INFO  ipse.xtend.util.stdlib.IOExtensions  - es.ua.dlsi.ooh.conceptualView.impl.OperationImpl@291b4bf5 (name: confirmarPedido, visibility: Public, operationType: Custom, description: null, type: Void, collectionType: None, isStatic: false, isOrdered: false, filter: null, precondition: null, body: null, postcondition: null, automaticSynchronize: true, customized: false, paging: false, customizedTransaction: false)
enc:utf-8
4446 [main] INFO  ipse.xtend.util.stdlib.IOExtensions  - es.ua.dlsi.ooh.conceptualView.impl.OperationImpl@7a675056 (name: new, visibility: Public, operationType: New, description: null, type: Object, collectionType: None, isStatic: false, isOrdered: false, filter: null, precondition: null, body: null, postcondition: null, automaticSynchronize: true, customized: false, paging: false, customizedTransaction: false)
4447 [main] INFO  ipse.xtend.util.stdlib.IOExtensions  - es.ua.dlsi.ooh.conceptualView.impl.OperationImpl@68267da0 (name: modify, visibility: Public, operationType: Modifier, description: null, type: Void, collectionType: None, isStatic: false, isOrdered: false, filter: null, precondition: null, body: null, postcondition: null, automaticSynchronize: true, customized: false, paging: false, customizedTransaction: false)
4447 [main] INFO  ipse.xtend.util.stdlib.IOExtensions  - es.ua.dlsi.ooh.conceptualView.impl.OperationImpl@313b2ea6 (name: destroy, visibility: Public, operationType: Destroy, description: null, type: Void, collectionType: None, isStatic: false, isOrdered: false, filter: null, precondition: null, body: null, postcondition: null, automaticSynchronize: true, customized: false, paging: false, customizedTransaction: false)
4447 [main] INFO  ipse.xtend.util.stdlib.IOExtensions  - es.ua.dlsi.ooh.conceptualView.impl.OperationImpl@548e6d58 (name: readOID, visibility: Public, operationType: ReadOID, description: null, type: Object, collectionType: None, isStatic: false, isOrdered: false, filter: null, precondition: null, body: null, postcondition: null, automaticSynchronize: true, customized: false, paging: false, customizedTransaction: false)
4448 [main] INFO  ipse.xtend.util.stdlib.IOExtensions  - es.ua.dlsi.ooh.conceptualView.impl.OperationImpl@a1cdc6d (name: readAll, visibility: Public, operationType: ReadAll, description: null, type: Object, collectionType: List, isStatic: false, isOrdered: false, filter: null, precondition: null, body: null, postcondition: null, automaticSynchronize: true, customized: false, paging: false, customizedTransaction: false)
4448 [main] INFO  ipse.xtend.util.stdlib.IOExtensions  - es.ua.dlsi.ooh.conceptualView.impl.OperationImpl@175b9425 (name: anyadirProducto, visibility: Public, operationType: Custom, description: null, type: Void, collectionType: None, isStatic: false, isOrdered: false, filter: null, precondition: null, body: null, postcondition: null, automaticSynchronize: true, customized: false, paging: false, customizedTransaction: false)
4448 [main] INFO  ipse.xtend.util.stdlib.IOExtensions  - es.ua.dlsi.ooh.conceptualView.impl.OperationImpl@6a03bcb1 (name: valorarLinea, visibility: Public, operationType: Custom, description: null, type: Void, collectionType: None, isStatic: false, isOrdered: false, filter: null, precondition: null, body: null, postcondition: null, automaticSynchronize: true, customized: false, paging: false, customizedTransaction: false)
enc:utf-8
4505 [main] INFO  ipse.xtend.util.stdlib.IOExtensions  - es.ua.dlsi.ooh.conceptualView.impl.OperationImpl@fa36558 (name: new, visibility: Public, operationType: New, description: null, type: Object, collectionType: None, isStatic: false, isOrdered: false, filter: null, precondition: null, body: null, postcondition: null, automaticSynchronize: true, customized: false, paging: false, customizedTransaction: false)
4505 [main] INFO  ipse.xtend.util.stdlib.IOExtensions  - es.ua.dlsi.ooh.conceptualView.impl.OperationImpl@2b4bac49 (name: modify, visibility: Public, operationType: Modifier, description: null, type: Void, collectionType: None, isStatic: false, isOrdered: false, filter: null, precondition: null, body: null, postcondition: null, automaticSynchronize: true, customized: false, paging: false, customizedTransaction: false)
4505 [main] INFO  ipse.xtend.util.stdlib.IOExtensions  - es.ua.dlsi.ooh.conceptualView.impl.OperationImpl@484970b0 (name: destroy, visibility: Public, operationType: Destroy, description: null, type: Void, collectionType: None, isStatic: false, isOrdered: false, filter: null, precondition: null, body: null, postcondition: null, automaticSynchronize: true, customized: false, paging: false, customizedTransaction: false)
4506 [main] INFO  ipse.xtend.util.stdlib.IOExtensions  - es.ua.dlsi.ooh.conceptualView.impl.OperationImpl@7c83dc97 (name: readOID, visibility: Public, operationType: ReadOID, description: null, type: Object, collectionType: None, isStatic: false, isOrdered: false, filter: null, precondition: null, body: null, postcondition: null, automaticSynchronize: true, customized: false, paging: false, customizedTransaction: false)
4506 [main] INFO  ipse.xtend.util.stdlib.IOExtensions  - es.ua.dlsi.ooh.conceptualView.impl.OperationImpl@740773a3 (name: readAll, visibility: Public, operationType: ReadAll, description: null, type: Object, collectionType: List, isStatic: false, isOrdered: false, filter: null, precondition: null, body: null, postcondition: null, automaticSynchronize: true, customized: false, paging: false, customizedTransaction: false)
enc:utf-8
4561 [main] INFO  ipse.xtend.util.stdlib.IOExtensions  - es.ua.dlsi.ooh.conceptualView.impl.OperationImpl@568ff82 (name: new, visibility: Public, operationType: New, description: null, type: Object, collectionType: None, isStatic: false, isOrdered: false, filter: null, precondition: null, body: null, postcondition: null, automaticSynchronize: true, customized: false, paging: false, customizedTransaction: false)
4561 [main] INFO  ipse.xtend.util.stdlib.IOExtensions  - es.ua.dlsi.ooh.conceptualView.impl.OperationImpl@757acd7b (name: modify, visibility: Public, operationType: Modifier, description: null, type: Void, collectionType: None, isStatic: false, isOrdered: false, filter: null, precondition: null, body: null, postcondition: null, automaticSynchronize: true, customized: false, paging: false, customizedTransaction: false)
4562 [main] INFO  ipse.xtend.util.stdlib.IOExtensions  - es.ua.dlsi.ooh.conceptualView.impl.OperationImpl@343570b7 (name: destroy, visibility: Public, operationType: Destroy, description: null, type: Void, collectionType: None, isStatic: false, isOrdered: false, filter: null, precondition: null, body: null, postcondition: null, automaticSynchronize: true, customized: false, paging: false, customizedTransaction: false)
4562 [main] INFO  ipse.xtend.util.stdlib.IOExtensions  - es.ua.dlsi.ooh.conceptualView.impl.OperationImpl@71c3b41 (name: anyadirDireccion, visibility: Public, operationType: Custom, description: null, type: Void, collectionType: None, isStatic: false, isOrdered: false, filter: null, precondition: null, body: null, postcondition: null, automaticSynchronize: true, customized: false, paging: false, customizedTransaction: false)
4562 [main] INFO  ipse.xtend.util.stdlib.IOExtensions  - es.ua.dlsi.ooh.conceptualView.impl.OperationImpl@3cc1435c (name: eliminarDireccion, visibility: Public, operationType: Custom, description: null, type: Void, collectionType: None, isStatic: false, isOrdered: false, filter: null, precondition: null, body: null, postcondition: null, automaticSynchronize: true, customized: false, paging: false, customizedTransaction: false)
4562 [main] INFO  ipse.xtend.util.stdlib.IOExtensions  - es.ua.dlsi.ooh.conceptualView.impl.OperationImpl@5f16132a (name: loginRRSS, visibility: Public, operationType: Custom, description: null, type: Void, collectionType: None, isStatic: false, isOrdered: false, filter: null, precondition: null, body: null, postcondition: null, automaticSynchronize: true, customized: false, paging: false, customizedTransaction: false)
4563 [main] INFO  ipse.xtend.util.stdlib.IOExtensions  - es.ua.dlsi.ooh.conceptualView.impl.OperationImpl@36d585c (name: seleccionarFormaPago, visibility: Public, operationType: Custom, description: null, type: Void, collectionType: None, isStatic: false, isOrdered: false, filter: null, precondition: null, body: null, postcondition: null, automaticSynchronize: true, customized: false, paging: false, customizedTransaction: false)
4563 [main] INFO  ipse.xtend.util.stdlib.IOExtensions  - es.ua.dlsi.ooh.conceptualView.impl.OperationImpl@671a5887 (name: getUsuario, visibility: Public, operationType: ReadFilter, description: null, type: Object, collectionType: List, isStatic: false, isOrdered: false, filter: FROM UsuarioEN, precondition: null, body: null, postcondition: null, automaticSynchronize: false, customized: false, paging: false, customizedTransaction: false)
4563 [main] INFO  ipse.xtend.util.stdlib.IOExtensions  - es.ua.dlsi.ooh.conceptualView.impl.OperationImpl@3c947bc5 (name: consultarHistorial, visibility: Public, operationType: Custom, description: null, type: Void, collectionType: None, isStatic: false, isOrdered: false, filter: null, precondition: null, body: null, postcondition: null, automaticSynchronize: true, customized: false, paging: false, customizedTransaction: false)
4564 [main] INFO  ipse.xtend.util.stdlib.IOExtensions  - es.ua.dlsi.ooh.conceptualView.impl.OperationImpl@55f616cf (name: readOID, visibility: Public, operationType: ReadOID, description: null, type: Object, collectionType: None, isStatic: false, isOrdered: false, filter: null, precondition: null, body: null, postcondition: null, automaticSynchronize: true, customized: false, paging: false, customizedTransaction: false)
4564 [main] INFO  ipse.xtend.util.stdlib.IOExtensions  - es.ua.dlsi.ooh.conceptualView.impl.OperationImpl@c03cf28 (name: readAll, visibility: Public, operationType: ReadAll, description: null, type: Object, collectionType: List, isStatic: false, isOrdered: false, filter: null, precondition: null, body: null, postcondition: null, automaticSynchronize: true, customized: false, paging: false, customizedTransaction: false)
enc:utf-8
4629 [main] INFO  ipse.xtend.util.stdlib.IOExtensions  - es.ua.dlsi.ooh.conceptualView.impl.OperationImpl@4f67eb2a (name: new, visibility: Public, operationType: New, description: null, type: Object, collectionType: None, isStatic: false, isOrdered: false, filter: null, precondition: null, body: null, postcondition: null, automaticSynchronize: true, customized: false, paging: false, customizedTransaction: false)
4629 [main] INFO  ipse.xtend.util.stdlib.IOExtensions  - es.ua.dlsi.ooh.conceptualView.impl.OperationImpl@68e965f5 (name: modify, visibility: Public, operationType: Modifier, description: null, type: Void, collectionType: None, isStatic: false, isOrdered: false, filter: null, precondition: null, body: null, postcondition: null, automaticSynchronize: true, customized: false, paging: false, customizedTransaction: false)
4630 [main] INFO  ipse.xtend.util.stdlib.IOExtensions  - es.ua.dlsi.ooh.conceptualView.impl.OperationImpl@2e1d27ba (name: destroy, visibility: Public, operationType: Destroy, description: null, type: Void, collectionType: None, isStatic: false, isOrdered: false, filter: null, precondition: null, body: null, postcondition: null, automaticSynchronize: true, customized: false, paging: false, customizedTransaction: false)
4630 [main] INFO  ipse.xtend.util.stdlib.IOExtensions  - es.ua.dlsi.ooh.conceptualView.impl.OperationImpl@2525ff7e (name: anyadirPedido, visibility: Public, operationType: Custom, description: null, type: Void, collectionType: None, isStatic: false, isOrdered: false, filter: null, precondition: null, body: null, postcondition: null, automaticSynchronize: true, customized: false, paging: false, customizedTransaction: false)
4630 [main] INFO  ipse.xtend.util.stdlib.IOExtensions  - es.ua.dlsi.ooh.conceptualView.impl.OperationImpl@152aa092 (name: eliminarPedido, visibility: Public, operationType: Custom, description: null, type: Void, collectionType: None, isStatic: false, isOrdered: false, filter: null, precondition: null, body: null, postcondition: null, automaticSynchronize: true, customized: false, paging: false, customizedTransaction: false)
4630 [main] INFO  ipse.xtend.util.stdlib.IOExtensions  - es.ua.dlsi.ooh.conceptualView.impl.OperationImpl@4ef37659 (name: modificarPedido, visibility: Public, operationType: Custom, description: null, type: Void, collectionType: None, isStatic: false, isOrdered: false, filter: null, precondition: null, body: null, postcondition: null, automaticSynchronize: true, customized: false, paging: false, customizedTransaction: false)
4631 [main] INFO  ipse.xtend.util.stdlib.IOExtensions  - es.ua.dlsi.ooh.conceptualView.impl.OperationImpl@37858383 (name: anyadirProducto, visibility: Public, operationType: Custom, description: null, type: Void, collectionType: None, isStatic: false, isOrdered: false, filter: null, precondition: null, body: null, postcondition: null, automaticSynchronize: true, customized: false, paging: false, customizedTransaction: false)
4631 [main] INFO  ipse.xtend.util.stdlib.IOExtensions  - es.ua.dlsi.ooh.conceptualView.impl.OperationImpl@1bb266b3 (name: elilminarProducto, visibility: Public, operationType: Custom, description: null, type: Void, collectionType: None, isStatic: false, isOrdered: false, filter: null, precondition: null, body: null, postcondition: null, automaticSynchronize: true, customized: false, paging: false, customizedTransaction: false)
4631 [main] INFO  ipse.xtend.util.stdlib.IOExtensions  - es.ua.dlsi.ooh.conceptualView.impl.OperationImpl@2beee7ff (name: modificarProducto, visibility: Public, operationType: Custom, description: null, type: Void, collectionType: None, isStatic: false, isOrdered: false, filter: null, precondition: null, body: null, postcondition: null, automaticSynchronize: true, customized: false, paging: false, customizedTransaction: false)
4632 [main] INFO  ipse.xtend.util.stdlib.IOExtensions  - es.ua.dlsi.ooh.conceptualView.impl.OperationImpl@5939a379 (name: anyadirUsuario, visibility: Public, operationType: Custom, description: null, type: Void, collectionType: None, isStatic: false, isOrdered: false, filter: null, precondition: null, body: null, postcondition: null, automaticSynchronize: true, customized: false, paging: false, customizedTransaction: false)
4632 [main] INFO  ipse.xtend.util.stdlib.IOExtensions  - es.ua.dlsi.ooh.conceptualView.impl.OperationImpl@52102734 (name: eliminarUsuario, visibility: Public, operationType: Custom, description: null, type: Void, collectionType: None, isStatic: false, isOrdered: false, filter: null, precondition: null, body: null, postcondition: null, automaticSynchronize: true, customized: false, paging: false, customizedTransaction: false)
4632 [main] INFO  ipse.xtend.util.stdlib.IOExtensions  - es.ua.dlsi.ooh.conceptualView.impl.OperationImpl@2177849e (name: modificarUsuario, visibility: Public, operationType: Custom, description: null, type: Void, collectionType: None, isStatic: false, isOrdered: false, filter: null, precondition: null, body: null, postcondition: null, automaticSynchronize: true, customized: false, paging: false, customizedTransaction: false)
4632 [main] INFO  ipse.xtend.util.stdlib.IOExtensions  - es.ua.dlsi.ooh.conceptualView.impl.OperationImpl@13b13b5d (name: readOID, visibility: Public, operationType: ReadOID, description: null, type: Object, collectionType: None, isStatic: false, isOrdered: false, filter: null, precondition: null, body: null, postcondition: null, automaticSynchronize: true, customized: false, paging: false, customizedTransaction: false)
4633 [main] INFO  ipse.xtend.util.stdlib.IOExtensions  - es.ua.dlsi.ooh.conceptualView.impl.OperationImpl@355ce81c (name: readAll, visibility: Public, operationType: ReadAll, description: null, type: Object, collectionType: List, isStatic: false, isOrdered: false, filter: null, precondition: null, body: null, postcondition: null, automaticSynchronize: true, customized: false, paging: false, customizedTransaction: false)
enc:utf-8
4693 [main] INFO  ipse.xtend.util.stdlib.IOExtensions  - es.ua.dlsi.ooh.conceptualView.impl.OperationImpl@1649b0e6 (name: new, visibility: Public, operationType: New, description: null, type: Object, collectionType: None, isStatic: false, isOrdered: false, filter: null, precondition: null, body: null, postcondition: null, automaticSynchronize: true, customized: false, paging: false, customizedTransaction: false)
4693 [main] INFO  ipse.xtend.util.stdlib.IOExtensions  - es.ua.dlsi.ooh.conceptualView.impl.OperationImpl@6a370f4 (name: modify, visibility: Public, operationType: Modifier, description: null, type: Void, collectionType: None, isStatic: false, isOrdered: false, filter: null, precondition: null, body: null, postcondition: null, automaticSynchronize: true, customized: false, paging: false, customizedTransaction: false)
4693 [main] INFO  ipse.xtend.util.stdlib.IOExtensions  - es.ua.dlsi.ooh.conceptualView.impl.OperationImpl@1f97cf0d (name: destroy, visibility: Public, operationType: Destroy, description: null, type: Void, collectionType: None, isStatic: false, isOrdered: false, filter: null, precondition: null, body: null, postcondition: null, automaticSynchronize: true, customized: false, paging: false, customizedTransaction: false)
4694 [main] INFO  ipse.xtend.util.stdlib.IOExtensions  - es.ua.dlsi.ooh.conceptualView.impl.OperationImpl@4d910fd6 (name: readOID, visibility: Public, operationType: ReadOID, description: null, type: Object, collectionType: None, isStatic: false, isOrdered: false, filter: null, precondition: null, body: null, postcondition: null, automaticSynchronize: true, customized: false, paging: false, customizedTransaction: false)
4694 [main] INFO  ipse.xtend.util.stdlib.IOExtensions  - es.ua.dlsi.ooh.conceptualView.impl.OperationImpl@7690781 (name: readAll, visibility: Public, operationType: ReadAll, description: null, type: Object, collectionType: List, isStatic: false, isOrdered: false, filter: null, precondition: null, body: null, postcondition: null, automaticSynchronize: true, customized: false, paging: false, customizedTransaction: false)
4694 [main] INFO  ipse.xtend.util.stdlib.IOExtensions  - es.ua.dlsi.ooh.conceptualView.impl.OperationImpl@77eca502 (name: login, visibility: Public, operationType: Custom, description: null, type: Void, collectionType: None, isStatic: false, isOrdered: false, filter: null, precondition: null, body: null, postcondition: null, automaticSynchronize: true, customized: false, paging: false, customizedTransaction: false)
4694 [main] INFO  ipse.xtend.util.stdlib.IOExtensions  - es.ua.dlsi.ooh.conceptualView.impl.OperationImpl@2e222612 (name: recuperarContrasenya, visibility: Public, operationType: Custom, description: null, type: Void, collectionType: None, isStatic: false, isOrdered: false, filter: null, precondition: null, body: null, postcondition: null, automaticSynchronize: true, customized: false, paging: false, customizedTransaction: false)
4695 [main] INFO  ipse.xtend.util.stdlib.IOExtensions  - es.ua.dlsi.ooh.conceptualView.impl.OperationImpl@73ee04c8 (name: cerrarSesion, visibility: Public, operationType: Custom, description: null, type: Void, collectionType: None, isStatic: false, isOrdered: false, filter: null, precondition: null, body: null, postcondition: null, automaticSynchronize: true, customized: false, paging: false, customizedTransaction: false)
enc:utf-8
4745 [main] INFO  ipse.xtend.util.stdlib.IOExtensions  - es.ua.dlsi.ooh.conceptualView.impl.OperationImpl@3e6ef8ad (name: new, visibility: Public, operationType: New, description: null, type: Object, collectionType: None, isStatic: false, isOrdered: false, filter: null, precondition: null, body: null, postcondition: null, automaticSynchronize: true, customized: false, paging: false, customizedTransaction: false)
4746 [main] INFO  ipse.xtend.util.stdlib.IOExtensions  - es.ua.dlsi.ooh.conceptualView.impl.OperationImpl@2cd2a21f (name: modify, visibility: Public, operationType: Modifier, description: null, type: Void, collectionType: None, isStatic: false, isOrdered: false, filter: null, precondition: null, body: null, postcondition: null, automaticSynchronize: true, customized: false, paging: false, customizedTransaction: false)
4746 [main] INFO  ipse.xtend.util.stdlib.IOExtensions  - es.ua.dlsi.ooh.conceptualView.impl.OperationImpl@11bd0f3b (name: destroy, visibility: Public, operationType: Destroy, description: null, type: Void, collectionType: None, isStatic: false, isOrdered: false, filter: null, precondition: null, body: null, postcondition: null, automaticSynchronize: true, customized: false, paging: false, customizedTransaction: false)
4746 [main] INFO  ipse.xtend.util.stdlib.IOExtensions  - es.ua.dlsi.ooh.conceptualView.impl.OperationImpl@79da8dc5 (name: readOID, visibility: Public, operationType: ReadOID, description: null, type: Object, collectionType: None, isStatic: false, isOrdered: false, filter: null, precondition: null, body: null, postcondition: null, automaticSynchronize: true, customized: false, paging: false, customizedTransaction: false)
4746 [main] INFO  ipse.xtend.util.stdlib.IOExtensions  - es.ua.dlsi.ooh.conceptualView.impl.OperationImpl@67080771 (name: readAll, visibility: Public, operationType: ReadAll, description: null, type: Object, collectionType: List, isStatic: false, isOrdered: false, filter: null, precondition: null, body: null, postcondition: null, automaticSynchronize: true, customized: false, paging: false, customizedTransaction: false)
enc:utf-8
4805 [main] INFO  ipse.xtend.util.stdlib.IOExtensions  - es.ua.dlsi.ooh.conceptualView.impl.OperationImpl@be35cd9 (name: new, visibility: Public, operationType: New, description: null, type: Object, collectionType: None, isStatic: false, isOrdered: false, filter: null, precondition: null, body: null, postcondition: null, automaticSynchronize: true, customized: false, paging: false, customizedTransaction: false)
4805 [main] INFO  ipse.xtend.util.stdlib.IOExtensions  - es.ua.dlsi.ooh.conceptualView.impl.OperationImpl@732c2a62 (name: modify, visibility: Public, operationType: Modifier, description: null, type: Void, collectionType: None, isStatic: false, isOrdered: false, filter: null, precondition: null, body: null, postcondition: null, automaticSynchronize: true, customized: false, paging: false, customizedTransaction: false)
4806 [main] INFO  ipse.xtend.util.stdlib.IOExtensions  - es.ua.dlsi.ooh.conceptualView.impl.OperationImpl@625732 (name: destroy, visibility: Public, operationType: Destroy, description: null, type: Void, collectionType: None, isStatic: false, isOrdered: false, filter: null, precondition: null, body: null, postcondition: null, automaticSynchronize: true, customized: false, paging: false, customizedTransaction: false)
4806 [main] INFO  ipse.xtend.util.stdlib.IOExtensions  - es.ua.dlsi.ooh.conceptualView.impl.OperationImpl@66498326 (name: readOID, visibility: Public, operationType: ReadOID, description: null, type: Object, collectionType: None, isStatic: false, isOrdered: false, filter: null, precondition: null, body: null, postcondition: null, automaticSynchronize: true, customized: false, paging: false, customizedTransaction: false)
4806 [main] INFO  ipse.xtend.util.stdlib.IOExtensions  - es.ua.dlsi.ooh.conceptualView.impl.OperationImpl@1e6454ec (name: readAll, visibility: Public, operationType: ReadAll, description: null, type: Object, collectionType: List, isStatic: false, isOrdered: false, filter: null, precondition: null, body: null, postcondition: null, automaticSynchronize: true, customized: false, paging: false, customizedTransaction: false)
enc:utf-8
4887 [main] INFO  ipse.xtend.util.stdlib.IOExtensions  - ProductoEN
enc:utf-8
4966 [main] INFO  ipse.xtend.util.stdlib.IOExtensions  - ComplementoEN
enc:utf-8
5029 [main] INFO  ipse.xtend.util.stdlib.IOExtensions  - BebidaEN
enc:utf-8
5085 [main] INFO  ipse.xtend.util.stdlib.IOExtensions  - IngredienteEN
enc:utf-8
5165 [main] INFO  ipse.xtend.util.stdlib.IOExtensions  - PizzaEN
enc:utf-8
5220 [main] INFO  ipse.xtend.util.stdlib.IOExtensions  - PredefinidaEN
enc:utf-8
5283 [main] INFO  ipse.xtend.util.stdlib.IOExtensions  - PersonalizableEN
enc:utf-8
5371 [main] INFO  ipse.xtend.util.stdlib.IOExtensions  - PedidoEN
enc:utf-8
5475 [main] INFO  ipse.xtend.util.stdlib.IOExtensions  - LineaPedidoEN
enc:utf-8
5549 [main] INFO  ipse.xtend.util.stdlib.IOExtensions  - CodigoEN
enc:utf-8
5645 [main] INFO  ipse.xtend.util.stdlib.IOExtensions  - UsuarioEN
enc:utf-8
5755 [main] INFO  ipse.xtend.util.stdlib.IOExtensions  - AdminEN
enc:utf-8
5840 [main] INFO  ipse.xtend.util.stdlib.IOExtensions  - RegistradoEN
enc:utf-8
5907 [main] INFO  ipse.xtend.util.stdlib.IOExtensions  - DireccionEN
enc:utf-8
5987 [main] INFO  ipse.xtend.util.stdlib.IOExtensions  - IncidenciaEN
enc:utf-8
enc:utf-8
enc:utf-8
enc:utf-8
enc:utf-8
enc:utf-8
enc:utf-8
enc:utf-8
6410 [main] INFO  ipse.xtend.util.stdlib.IOExtensions  - EN
6459 [main] INFO  ipse.xtend.util.stdlib.IOExtensions  - EN
6467 [main] INFO  ipse.xtend.util.stdlib.IOExtensions  - EN
6471 [main] INFO  ipse.xtend.util.stdlib.IOExtensions  - EN
6485 [main] INFO  ipse.xtend.util.stdlib.IOExtensions  - EN
6488 [main] INFO  ipse.xtend.util.stdlib.IOExtensions  - EN
6492 [main] INFO  ipse.xtend.util.stdlib.IOExtensions  - EN
enc:utf-8
enc:utf-8
6650 [main] INFO         org.eclipse.xpand2.Generator  - Skipped writing of 142 files to outlet [default](../PracticaGen)
6650 [main] INFO  e.core.container.CompositeComponent  - es.ua.dlsi.ooh.persistence.nhibernate.generator.workflowComponents.CreateSolution
6680 [main] INFO  e.core.container.CompositeComponent  - es.ua.dlsi.ooh.persistence.nhibernate.generator.workflowComponents.UpdateSolution
6725 [main] INFO  e.core.container.CompositeComponent  - es.ua.dlsi.ooh.persistence.nhibernate.generator.workflowComponents.CopyDLLs
../PracticaGen\PracticaGenNHibernate\AppLib\Antlr3.Runtime.dll
../PracticaGen\PracticaGenNHibernate\AppLib\Castle.DynamicProxy2.dll
../PracticaGen\PracticaGenNHibernate\AppLib\Iesi.Collections.dll
../PracticaGen\PracticaGenNHibernate\AppLib\LinFu.DynamicProxy.dll
../PracticaGen\PracticaGenNHibernate\AppLib\log4net.dll
../PracticaGen\PracticaGenNHibernate\AppLib\NHibernate.ByteCode.Castle.dll
../PracticaGen\PracticaGenNHibernate\AppLib\NHibernate.ByteCode.LinFu.dll
../PracticaGen\PracticaGenNHibernate\AppLib\NHibernate.dll
../PracticaGen\PracticaGenNHibernate\AppLib\nunit.core.dll
../PracticaGen\PracticaGenNHibernate\AppLib\nunit.framework.dll
6739 [main] INFO  eclipse.emf.mwe.core.WorkflowEngine  - workflow completed in 6100ms!
